<?xml version="1.0" encoding="UTF-8"?>
<!-- Generated by org.testng.reporters.JUnitReportReporter -->
<testsuite hostname="CBELAP-067" failures="0" tests="1" name="windows_demo.Base_URL" time="22.380" errors="0" timestamp="13 Aug 2020 12:09:39 GMT" skipped="0">
  <testcase classname="windows_demo.Base_URL" name="initilization" time="22.380"/>
</testsuite> <!-- windows_demo.Base_URL -->
